Plugins:
Bundled analyzers:
  - Python Code Quality and Security 3.24.1.11916 (python)
  - Go Code Quality and Security 1.11.0.3905 (go)
  - JaCoCo 1.3.0.1538 (jacoco)
  - Kotlin Code Quality and Security 2.12.0.1956 (kotlin)
  - IaC Code Quality and Security 1.11.0.2847 (iac)
  - JavaScript/TypeScript/CSS Code Quality and Security 9.13.0.20537 (javascript)
  - Ruby Code Quality and Security 1.11.0.3905 (ruby)
  - Scala Code Quality and Security 1.11.0.3905 (sonarscala)
  - C# Code Quality and Security 8.51.0.59060 (csharp)
  - Java Code Quality and Security 7.16.0.30901 (java)
  - HTML Code Quality and Security 3.7.1.3306 (web)
  - Flex Code Quality and Security 2.8.0.3166 (flex)
  - XML Code Quality and Security 2.7.0.3820 (xml)
  - PHP Code Quality and Security 3.27.1.9352 (php)
  - Text Code Quality and Security 2.0.2.1090 (text)
  - VB.NET Code Quality and Security 8.51.0.59060 (vbnet)
  - Configuration detection fot Code Quality and Security 1.2.0.267 (config)
Global server settings:
  - sonar.core.id=147B411E-AZX7pz11_ZsVRrqFqtXG
  - sonar.core.startTime=2025-04-03T12:36:33+0000
  - sonar.forceAuthentication=true
Project server settings:
Project scanner properties:
  - sonar.exclusions=**/node_modules/**,**/.next/**,dist/**
  - sonar.host.url=http://localhost:9000
  - sonar.javascript.lcov.reportPaths=coverage/lcov.info
  - sonar.login=******
  - sonar.organization=default
  - sonar.projectBaseDir=C:\Mern\Intern\big-commerce
  - sonar.projectKey=big-commerce
  - sonar.projectName=Big Commerce
  - sonar.projectVersion=0.1.0
  - sonar.scanner.apiBaseUrl=http://localhost:9000/api/v2
  - sonar.scanner.app=ScannerNpm
  - sonar.scanner.appVersion=4.3.0
  - sonar.scanner.arch=x64
  - sonar.scanner.bootstrapStartTime=1743687967606
  - sonar.scanner.disableCloud=true
  - sonar.scanner.home=C:\Users\ASUS\.sonar\native-sonar-scanner\sonar-scanner-6.2.1.4610-windows-x64\bin\..
  - sonar.scanner.internal.isSonarCloud=false
  - sonar.scanner.os=win32
  - sonar.scanner.wasEngineCacheHit=true
  - sonar.scanner.wasJreCacheHit=disabled
  - sonar.sources=src,
  - sonar.tests=tests
  - sonar.token=******
  - sonar.userHome=C:\Users\ASUS\.sonar
  - sonar.working.directory=C:\Mern\Intern\big-commerce\.scannerwork
  - sonar.ws.timeout=60
